<?xml version="1.0" encoding="UTF-8"?>
<testsuite name="DAT250.exercises.ExercisesApplicationTests" tests="1" skipped="0" failures="0" errors="0" timestamp="2025-10-06T21:44:41.660Z" hostname="DESKTOP-VMCCLI4" time="3.827">
  <properties/>
  <testcase name="contextLoads()" classname="DAT250.exercises.ExercisesApplicationTests" time="3.827"/>
  <system-out><![CDATA[23:42:37.897 [Test worker] INFO org.springframework.test.context.support.AnnotationConfigContextLoaderUtils -- Could not detect default configuration classes for test class [DAT250.exercises.ExercisesApplicationTests]: ExercisesApplicationTests does not declare any static, non-private, non-final, nested classes annotated with @Configuration.
23:42:40.206 [Test worker] INFO org.springframework.boot.test.context.SpringBootTestContextBootstrapper -- Found @SpringBootConfiguration DAT250.exercises.ExercisesApplication for test class DAT250.exercises.ExercisesApplicationTests

  .   ____          _            __ _ _
 /\\ / ___'_ __ _ _(_)_ __  __ _ \ \ \ \
( ( )\___ | '_ | '_| | '_ \/ _` | \ \ \ \
 \\/  ___)| |_)| | | | | || (_| |  ) ) ) )
  '  |____| .__|_| |_|_| |_\__, | / / / /
 =========|_|==============|___/=/_/_/_/

 :: Spring Boot ::                (v3.5.5)

2025-10-06T23:42:48.854+02:00  WARN 1328 --- [exercises] [    Test worker] ory$DuplicateJsonObjectContextCustomizer : 

Found multiple occurrences of org.json.JSONObject on the class path:

	jar:file:/home/guangqingz/.gradle/caches/modules-2/files-2.1/org.json/json/20250517/d67181bbd819ccceb929b580a4e2fcb0c8b17cd8/json-20250517.jar!/org/json/JSONObject.class
	jar:file:/home/guangqingz/.gradle/caches/modules-2/files-2.1/com.vaadin.external.google/android-json/0.0.20131108.vaadin1/fa26d351fe62a6a17f5cda1287c1c6110dec413f/android-json-0.0.20131108.vaadin1.jar!/org/json/JSONObject.class

You may wish to exclude one of them to ensure predictable runtime behavior

2025-10-06T23:42:49.058+02:00  INFO 1328 --- [exercises] [    Test worker] D.exercises.ExercisesApplicationTests    : Starting ExercisesApplicationTests using Java 21.0.3 with PID 1328 (started by guangqingz in /mnt/c/Users/GQ/Documents/HVL/DAT250/exercise5/dat250-exercise5)
2025-10-06T23:42:49.060+02:00  INFO 1328 --- [exercises] [    Test worker] D.exercises.ExercisesApplicationTests    : No active profile set, falling back to 1 default profile: "default"
2025-10-06T23:43:01.700+02:00  INFO 1328 --- [exercises] [    Test worker] .s.d.r.c.RepositoryConfigurationDelegate : Bootstrapping Spring Data JPA repositories in DEFAULT mode.
2025-10-06T23:43:03.007+02:00  INFO 1328 --- [exercises] [    Test worker] .s.d.r.c.RepositoryConfigurationDelegate : Finished Spring Data repository scanning in 1146 ms. Found 1 JPA repository interface.
2025-10-06T23:43:11.595+02:00  INFO 1328 --- [exercises] [    Test worker] com.zaxxer.hikari.HikariDataSource       : HikariPool-1 - Starting...
2025-10-06T23:43:16.739+02:00  INFO 1328 --- [exercises] [    Test worker] com.zaxxer.hikari.pool.HikariPool        : HikariPool-1 - Added connection conn0: url=jdbc:h2:mem:bff16b96-3cdd-4d78-be63-15cb76bdf7eb user=SA
2025-10-06T23:43:16.775+02:00  INFO 1328 --- [exercises] [    Test worker] com.zaxxer.hikari.HikariDataSource       : HikariPool-1 - Start completed.
2025-10-06T23:43:17.468+02:00  INFO 1328 --- [exercises] [    Test worker] o.hibernate.jpa.internal.util.LogHelper  : HHH000204: Processing PersistenceUnitInfo [name: default]
2025-10-06T23:43:21.759+02:00  INFO 1328 --- [exercises] [    Test worker] org.hibernate.Version                    : HHH000412: Hibernate ORM core version 7.1.1.Final
2025-10-06T23:43:41.326+02:00  INFO 1328 --- [exercises] [    Test worker] o.s.o.j.p.SpringPersistenceUnitInfo      : No LoadTimeWeaver setup: ignoring JPA class transformer
2025-10-06T23:43:44.533+02:00  INFO 1328 --- [exercises] [    Test worker] org.hibernate.orm.connections.pooling    : HHH10001005: Database info:
	Database JDBC URL [jdbc:h2:mem:bff16b96-3cdd-4d78-be63-15cb76bdf7eb]
	Database driver: H2 JDBC Driver
	Database dialect: H2Dialect
	Database version: 2.3.232
	Default catalog/schema: BFF16B96-3CDD-4D78-BE63-15CB76BDF7EB/PUBLIC
	Autocommit mode: undefined/unknown
	Isolation level: READ_COMMITTED [default READ_COMMITTED]
	JDBC fetch size: 100
	Pool: DatasourceConnectionProviderImpl
	Minimum pool size: undefined/unknown
	Maximum pool size: undefined/unknown
2025-10-06T23:44:14.474+02:00  INFO 1328 --- [exercises] [    Test worker] o.h.e.t.j.p.i.JtaPlatformInitiator       : HHH000489: No JTA platform available (set 'hibernate.transaction.jta.platform' to enable JTA platform integration)
2025-10-06T23:44:15.470+02:00 DEBUG 1328 --- [exercises] [    Test worker] org.hibernate.SQL                        : drop table if exists polls cascade 
2025-10-06T23:44:15.500+02:00 DEBUG 1328 --- [exercises] [    Test worker] org.hibernate.SQL                        : drop table if exists users cascade 
2025-10-06T23:44:15.502+02:00 DEBUG 1328 --- [exercises] [    Test worker] org.hibernate.SQL                        : drop table if exists vote_options cascade 
2025-10-06T23:44:15.503+02:00 DEBUG 1328 --- [exercises] [    Test worker] org.hibernate.SQL                        : drop table if exists votes cascade 
2025-10-06T23:44:15.654+02:00 DEBUG 1328 --- [exercises] [    Test worker] org.hibernate.SQL                        : create table polls (created_by bigint not null, id bigint generated by default as identity, published_at timestamp(6) with time zone, valid_until timestamp(6) with time zone, question varchar(255) not null, primary key (id))
2025-10-06T23:44:15.785+02:00 DEBUG 1328 --- [exercises] [    Test worker] org.hibernate.SQL                        : create table users (id bigint generated by default as identity, email varchar(255) not null unique, username varchar(255) not null unique, primary key (id))
2025-10-06T23:44:15.801+02:00 DEBUG 1328 --- [exercises] [    Test worker] org.hibernate.SQL                        : create table vote_options (presentation_order integer not null, vote_count integer not null, id bigint generated by default as identity, poll_id bigint not null, caption varchar(255) not null, primary key (id))
2025-10-06T23:44:15.804+02:00 DEBUG 1328 --- [exercises] [    Test worker] org.hibernate.SQL                        : create table votes (id bigint generated by default as identity, option_id bigint not null, published_at timestamp(6) with time zone not null, primary key (id))
2025-10-06T23:44:15.807+02:00 DEBUG 1328 --- [exercises] [    Test worker] org.hibernate.SQL                        : alter table if exists polls add constraint FKs2iay0nvudl3tl0a33ji0pxyn foreign key (created_by) references users
2025-10-06T23:44:16.036+02:00 DEBUG 1328 --- [exercises] [    Test worker] org.hibernate.SQL                        : alter table if exists vote_options add constraint FK56hcvg8yyift6bfeek4yvi2vt foreign key (poll_id) references polls
2025-10-06T23:44:16.038+02:00 DEBUG 1328 --- [exercises] [    Test worker] org.hibernate.SQL                        : alter table if exists votes add constraint FKce7opojrsdpq1rkbvd4vj2qs5 foreign key (option_id) references vote_options
2025-10-06T23:44:16.147+02:00  INFO 1328 --- [exercises] [    Test worker] j.LocalContainerEntityManagerFactoryBean : Initialized JPA EntityManagerFactory for persistence unit 'default'
2025-10-06T23:44:21.421+02:00  INFO 1328 --- [exercises] [    Test worker] o.s.d.j.r.query.QueryEnhancerFactory     : Hibernate is in classpath; If applicable, HQL parser will be used.
Connected to Redis: PONG
2025-10-06T23:44:33.989+02:00  WARN 1328 --- [exercises] [    Test worker] JpaBaseConfiguration$JpaWebConfiguration : spring.jpa.open-in-view is enabled by default. Therefore, database queries may be performed during view rendering. Explicitly configure spring.jpa.open-in-view to disable this warning
2025-10-06T23:44:41.329+02:00  INFO 1328 --- [exercises] [    Test worker] D.exercises.ExercisesApplicationTests    : Started ExercisesApplicationTests in 117.141 seconds (process running for 131.103)
]]></system-out>
  <system-err><![CDATA[Mockito is currently self-attaching to enable the inline-mock-maker. This will no longer work in future releases of the JDK. Please add Mockito as an agent to your build as described in Mockito's documentation: https://javadoc.io/doc/org.mockito/mockito-core/latest/org.mockito/org/mockito/Mockito.html#0.3
WARNING: A Java agent has been loaded dynamically (/home/guangqingz/.gradle/caches/modules-2/files-2.1/net.bytebuddy/byte-buddy-agent/1.17.7/fbf3d6d649ed37fc9e9c59480a05be0a26e3c2da/byte-buddy-agent-1.17.7.jar)
WARNING: If a serviceability tool is in use, please run with -XX:+EnableDynamicAgentLoading to hide this warning
WARNING: If a serviceability tool is not in use, please run with -Djdk.instrument.traceUsage for more information
WARNING: Dynamic loading of agents will be disallowed by default in a future release
]]></system-err>
</testsuite>
